2025-06-01 11:14:06.065|PENDING|345678|candidate003|null|0
2025-06-01 11:14:06.065|TIMEOUT|345678|candidate003|null|0
2025-06-01 11:14:06.065|CONFIRMED|345678|candidate003|ACK-SimpleServer-2-86256df6|39
2025-06-01 15:02:58.057|PENDING|phase2_citizen00007|candidate002|null|0
2025-06-01 15:02:58.057|TIMEOUT|phase2_citizen00007|candidate002|null|0
2025-06-01 15:02:58.075|PENDING|phase2_citizen00014|candidate002|null|0
2025-06-01 15:02:58.075|TIMEOUT|phase2_citizen00014|candidate002|null|0
2025-06-01 15:02:58.079|PENDING|phase2_citizen00013|candidate002|null|0
2025-06-01 15:02:58.079|TIMEOUT|phase2_citizen00013|candidate002|null|0
2025-06-01 15:02:58.082|PENDING|phase2_citizen00006|candidate002|null|0
2025-06-01 15:02:58.082|TIMEOUT|phase2_citizen00006|candidate002|null|0
2025-06-01 15:02:58.085|PENDING|phase2_citizen00012|candidate002|null|0
2025-06-01 15:02:58.085|TIMEOUT|phase2_citizen00012|candidate002|null|0
2025-06-01 15:02:58.088|PENDING|phase2_citizen00001|candidate002|null|0
2025-06-01 15:02:58.088|TIMEOUT|phase2_citizen00001|candidate002|null|0
2025-06-01 15:02:58.092|PENDING|phase2_citizen00011|candidate002|null|0
2025-06-01 15:02:58.092|TIMEOUT|phase2_citizen00011|candidate002|null|0
2025-06-01 15:02:58.094|PENDING|phase2_citizen00010|candidate002|null|0
2025-06-01 15:02:58.094|TIMEOUT|phase2_citizen00010|candidate002|null|0
2025-06-01 15:02:58.097|PENDING|phase2_citizen00015|candidate002|null|0
2025-06-01 15:02:58.097|TIMEOUT|phase2_citizen00015|candidate002|null|0
2025-06-01 15:02:58.099|PENDING|phase2_citizen00009|candidate002|null|0
2025-06-01 15:02:58.099|TIMEOUT|phase2_citizen00009|candidate002|null|0
2025-06-01 15:02:58.100|PENDING|phase2_citizen00008|candidate002|null|0
2025-06-01 15:02:58.100|TIMEOUT|phase2_citizen00008|candidate002|null|0
2025-06-01 15:02:58.102|PENDING|phase2_citizen00005|candidate002|null|0
2025-06-01 15:02:58.102|TIMEOUT|phase2_citizen00005|candidate002|null|0
2025-06-01 15:02:58.104|PENDING|phase2_citizen00004|candidate002|null|0
2025-06-01 15:02:58.104|TIMEOUT|phase2_citizen00004|candidate002|null|0
2025-06-01 15:02:58.105|PENDING|phase2_citizen00002|candidate002|null|0
2025-06-01 15:02:58.105|TIMEOUT|phase2_citizen00002|candidate002|null|0
2025-06-01 15:02:58.107|PENDING|phase2_citizen00003|candidate002|null|0
2025-06-01 15:02:58.107|TIMEOUT|phase2_citizen00003|candidate002|null|0
2025-06-01 15:02:58.057|CONFIRMED|phase2_citizen00007|candidate002|ACK-SimpleServer-2-60132647|38
2025-06-01 15:02:58.075|CONFIRMED|phase2_citizen00014|candidate002|ACK-SimpleServer-2-68ec69a9|1
2025-06-01 15:02:58.079|CONFIRMED|phase2_citizen00013|candidate002|ACK-SimpleServer-2-c6539c3a|0
2025-06-01 15:02:58.082|CONFIRMED|phase2_citizen00006|candidate002|ACK-SimpleServer-2-beae8cf8|1
2025-06-01 15:02:58.085|CONFIRMED|phase2_citizen00012|candidate002|ACK-SimpleServer-2-3a80ff24|0
2025-06-01 15:02:58.088|CONFIRMED|phase2_citizen00001|candidate002|ACK-SimpleServer-2-66e605d4|0
2025-06-01 15:02:58.092|CONFIRMED|phase2_citizen00011|candidate002|ACK-SimpleServer-2-55686901|1
2025-06-01 15:02:58.094|CONFIRMED|phase2_citizen00010|candidate002|ACK-SimpleServer-2-1489408e|0
2025-06-01 15:02:58.097|CONFIRMED|phase2_citizen00015|candidate002|ACK-SimpleServer-2-60872c81|1
2025-06-01 15:02:58.099|CONFIRMED|phase2_citizen00009|candidate002|ACK-SimpleServer-2-2980819f|0
2025-06-01 15:02:58.100|CONFIRMED|phase2_citizen00008|candidate002|ACK-SimpleServer-2-9b6100ee|0
2025-06-01 15:02:58.102|CONFIRMED|phase2_citizen00005|candidate002|ACK-SimpleServer-2-036c8dd8|1
2025-06-01 15:02:58.104|CONFIRMED|phase2_citizen00004|candidate002|ACK-SimpleServer-2-e03b1be1|0
2025-06-01 15:02:58.105|CONFIRMED|phase2_citizen00002|candidate002|ACK-SimpleServer-2-8a3be0cc|0
2025-06-01 15:02:58.107|CONFIRMED|phase2_citizen00003|candidate002|ACK-SimpleServer-2-fea2d98e|1
2025-06-01 15:14:26.190|PENDING|phase2_citizen00014|candidate002|null|0
2025-06-01 15:14:26.190|TIMEOUT|phase2_citizen00014|candidate002|null|0
2025-06-01 15:14:26.195|PENDING|phase2_citizen00015|candidate002|null|0
2025-06-01 15:14:26.195|TIMEOUT|phase2_citizen00015|candidate002|null|0
2025-06-01 15:14:26.197|PENDING|phase2_citizen00003|candidate002|null|0
2025-06-01 15:14:26.197|TIMEOUT|phase2_citizen00003|candidate002|null|0
2025-06-01 15:14:26.199|PENDING|phase2_citizen00013|candidate002|null|0
2025-06-01 15:14:26.199|TIMEOUT|phase2_citizen00013|candidate002|null|0
2025-06-01 15:14:26.201|PENDING|phase2_citizen00004|candidate002|null|0
2025-06-01 15:14:26.201|TIMEOUT|phase2_citizen00004|candidate002|null|0
2025-06-01 15:14:26.202|PENDING|phase2_citizen00006|candidate002|null|0
2025-06-01 15:14:26.202|TIMEOUT|phase2_citizen00006|candidate002|null|0
2025-06-01 15:14:26.203|PENDING|phase2_citizen00012|candidate002|null|0
2025-06-01 15:14:26.203|TIMEOUT|phase2_citizen00012|candidate002|null|0
2025-06-01 15:14:26.205|PENDING|phase2_citizen00005|candidate002|null|0
2025-06-01 15:14:26.205|TIMEOUT|phase2_citizen00005|candidate002|null|0
2025-06-01 15:14:26.206|PENDING|phase2_citizen00011|candidate002|null|0
2025-06-01 15:14:26.206|TIMEOUT|phase2_citizen00011|candidate002|null|0
2025-06-01 15:14:26.207|PENDING|phase2_citizen00001|candidate002|null|0
2025-06-01 15:14:26.207|TIMEOUT|phase2_citizen00001|candidate002|null|0
2025-06-01 15:14:26.208|PENDING|phase2_citizen00010|candidate002|null|0
2025-06-01 15:14:26.208|TIMEOUT|phase2_citizen00010|candidate002|null|0
2025-06-01 15:14:26.210|PENDING|phase2_citizen00007|candidate002|null|0
2025-06-01 15:14:26.210|TIMEOUT|phase2_citizen00007|candidate002|null|0
2025-06-01 15:14:26.211|PENDING|phase2_citizen00009|candidate002|null|0
2025-06-01 15:14:26.211|TIMEOUT|phase2_citizen00009|candidate002|null|0
2025-06-01 15:14:26.213|PENDING|phase2_citizen00008|candidate002|null|0
2025-06-01 15:14:26.213|TIMEOUT|phase2_citizen00008|candidate002|null|0
2025-06-01 15:14:26.214|PENDING|phase2_citizen00002|candidate002|null|0
2025-06-01 15:14:26.214|TIMEOUT|phase2_citizen00002|candidate002|null|0
2025-06-01 15:14:26.190|CONFIRMED|phase2_citizen00014|candidate002|ACK-SimpleServer-3-792beda4|39
2025-06-01 15:14:26.195|CONFIRMED|phase2_citizen00015|candidate002|ACK-SimpleServer-3-5c6a9477|0
2025-06-01 15:14:26.197|CONFIRMED|phase2_citizen00003|candidate002|ACK-SimpleServer-3-bb94916c|1
2025-06-01 15:14:26.199|CONFIRMED|phase2_citizen00013|candidate002|ACK-SimpleServer-3-847f85e6|0
2025-06-01 15:14:26.201|CONFIRMED|phase2_citizen00004|candidate002|ACK-SimpleServer-3-c44477f6|1
2025-06-01 15:14:26.202|CONFIRMED|phase2_citizen00006|candidate002|ACK-SimpleServer-3-be22ff61|0
2025-06-01 15:14:26.203|CONFIRMED|phase2_citizen00012|candidate002|ACK-SimpleServer-3-1a271607|1
2025-06-01 15:14:26.205|CONFIRMED|phase2_citizen00005|candidate002|ACK-SimpleServer-3-a00792ca|0
2025-06-01 15:14:26.206|CONFIRMED|phase2_citizen00011|candidate002|ACK-SimpleServer-3-77baf703|0
2025-06-01 15:14:26.207|CONFIRMED|phase2_citizen00001|candidate002|ACK-SimpleServer-3-63fc9967|0
2025-06-01 15:14:26.208|CONFIRMED|phase2_citizen00010|candidate002|ACK-SimpleServer-3-f952bd35|3
2025-06-01 15:14:26.210|CONFIRMED|phase2_citizen00007|candidate002|ACK-SimpleServer-3-e6865589|1
2025-06-01 15:14:26.211|CONFIRMED|phase2_citizen00009|candidate002|ACK-SimpleServer-3-c141a1fe|0
2025-06-01 15:14:26.213|CONFIRMED|phase2_citizen00008|candidate002|ACK-SimpleServer-3-df120200|1
2025-06-01 15:14:26.214|CONFIRMED|phase2_citizen00002|candidate002|ACK-SimpleServer-3-e387b02c|1
